
X0 = 0.00326739
X1 = 0.00310532
X2 = 0.00298382
X3 = 0.00288665
X4 = 0.00280572
X5 = 0.00273638
X6 = 0.00267574
X7 = 0.00262185
X8 = 0.00257338
X9 = 0.00252933
X10 = 0.00248897
X11 = 0.00245174
X12 = 0.00241718
X13 = 0.00238494
X14 = 0.00235472
X15 = 0.0023263
X16 = 0.00229947
X17 = 0.00227406
X18 = 0.00224994
X19 = 0.00222697
X20 = 0.00220506
X21 = 0.00218411
X22 = 0.00216404
X23 = 0.00214479
X24 = 0.00212628
X25 = 0.00210847
X26 = 0.0020913
X27 = 0.00207473
X28 = 0.00205872
X29 = 0.00204324
X30 = 0.00202825
X31 = 0.00201371
X32 = 0.00199961
X33 = 0.00198592
X34 = 0.00197262
X35 = 0.00195968
X36 = 0.00194709
X37 = 0.00193483
X38 = 0.00192288
X39 = 0.00191123
X40 = 0.00189986
X41 = 0.00188876
X42 = 0.00187791
X43 = 0.00186731
X44 = 0.00185695
X45 = 0.00184681
X46 = 0.00183689
X47 = 0.00182718
X48 = 0.00181766
X49 = 0.00180834
X50 = 0.0017992
X51 = 0.00179023
X52 = 0.00178144
X53 = 0.00177281
X54 = 0.00176434
X55 = 0.00175602
X56 = 0.00174785
X57 = 0.00173982
X58 = 0.00173192
X59 = 0.00172416
X60 = 0.00171653
X61 = 0.00170903
X62 = 0.00170164
X63 = 0.00169437
X64 = 0.00168722
X65 = 0.00168017
X66 = 0.00167324
X67 = 0.0016664
X68 = 0.00165967
X69 = 0.00165303
X70 = 0.00164649
X71 = 0.00164005
X72 = 0.00163369
X73 = 0.00162742
X74 = 0.00162123
X75 = 0.00161513
X76 = 0.00160911
X77 = 0.00160317
X78 = 0.00159731
X79 = 0.00159152
X80 = 0.0015858
X81 = 0.00158016
X82 = 0.00157458
X83 = 0.00156908
X84 = 0.00156364
X85 = 0.00155826
X86 = 0.00155295
X87 = 0.0015477
X88 = 0.00154251
X89 = 0.00153738
X90 = 0.00153231
X91 = 0.0015273
X92 = 0.00152234
X93 = 0.00151743
X94 = 0.00151258
X95 = 0.00150778
X96 = 0.00150304
X97 = 0.00149834
X98 = 0.00149369
X99 = 0.00148909
X100 = 0.00148454
X101 = 0.00148003
X102 = 0.00147557
X103 = 0.00147115
X104 = 0.00146678
X105 = 0.00146245
X106 = 0.00145816
X107 = 0.00145392
X108 = 0.00144971
X109 = 0.00144554
X110 = 0.00144142
X111 = 0.00143733
X112 = 0.00143328
X113 = 0.00142926
X114 = 0.00142528
X115 = 0.00142134
X116 = 0.00141744
X117 = 0.00141356
X118 = 0.00140973
X119 = 0.00140592
X120 = 0.00140215
X121 = 0.00139841
X122 = 0.0013947
X123 = 0.00139103
X124 = 0.00138738
X125 = 0.00138377
X126 = 0.00138018
X127 = 0.00137663
X128 = 0.0013731
X129 = 0.0013696
X130 = 0.00136613
X131 = 0.00136269
X132 = 0.00135928
X133 = 0.00135589
X134 = 0.00135253
X135 = 0.00134919
X136 = 0.00134588
X137 = 0.00134259
X138 = 0.00133933
X139 = 0.0013361
X140 = 0.00133289
X141 = 0.0013297
X142 = 0.00132654
X143 = 0.0013234
X144 = 0.00132028
X145 = 0.00131719
X146 = 0.00131411
X147 = 0.00131106
X148 = 0.00130803
X149 = 0.00130503
X150 = 0.00130204
X151 = 0.00129908
X152 = 0.00129613
X153 = 0.00129321
X154 = 0.0012903
X155 = 0.00128742
X156 = 0.00128455
X157 = 0.00128171
X158 = 0.00127888
X159 = 0.00127607
X160 = 0.00127328
X161 = 0.00127051
X162 = 0.00126776
X163 = 0.00126502
X164 = 0.00126231
X165 = 0.00125961
X166 = 0.00125693
X167 = 0.00125426
X168 = 0.00125161
X169 = 0.00124898
X170 = 0.00124636
X171 = 0.00124377
X172 = 0.00124118
X173 = 0.00123862
X174 = 0.00123606
X175 = 0.00123353
X176 = 0.00123101
X177 = 0.0012285
X178 = 0.00122601
X179 = 0.00122354
X180 = 0.00122108
X181 = 0.00121863
X182 = 0.0012162
X183 = 0.00121378
X184 = 0.00121138
X185 = 0.00120899
X186 = 0.00120661
X187 = 0.00120425
X188 = 0.0012019
X189 = 0.00119957
X190 = 0.00119725
X191 = 0.00119494
X192 = 0.00119264
X193 = 0.00119036
X194 = 0.00118809
X195 = 0.00118583
X196 = 0.00118358
X197 = 0.00118135
X198 = 0.00117913
X199 = 0.00117692
X200 = 0.00117472
X201 = 0.00117254
X202 = 0.00117036
X203 = 0.0011682
X204 = 0.00116605
X205 = 0.00116391
X206 = 0.00116178
X207 = 0.00115967
X208 = 0.00115756
X209 = 0.00115546
X210 = 0.00115338
X211 = 0.00115131
X212 = 0.00114924
X213 = 0.00114719
X214 = 0.00114515
X215 = 0.00114312
X216 = 0.00114109
X217 = 0.00113908
X218 = 0.00113708
X219 = 0.00113509
X220 = 0.00113311
X221 = 0.00113114
X222 = 0.00112917
X223 = 0.00112722
X224 = 0.00112528
X225 = 0.00112334
X226 = 0.00112142
X227 = 0.0011195
X228 = 0.0011176
X229 = 0.0011157
X230 = 0.00111381
X231 = 0.00111193
X232 = 0.00111006
X233 = 0.0011082
X234 = 0.00110635
X235 = 0.0011045
X236 = 0.00110267
X237 = 0.00110084
X238 = 0.00109902
X239 = 0.00109721
X240 = 0.00109541
X241 = 0.00109362
X242 = 0.00109183
X243 = 0.00109005
X244 = 0.00108828
X245 = 0.00108652
X246 = 0.00108477
X247 = 0.00108302
X248 = 0.00108128
X249 = 0.00107955
X250 = 0.00107783
X251 = 0.00107611
X252 = 0.00107441
X253 = 0.0010727
X254 = 0.00107101
X255 = 0.00106933
X256 = 0.00106765
X257 = 0.00106598
X258 = 0.00106431
X259 = 0.00106265
X260 = 0.001061
X261 = 0.00105936
X262 = 0.00105772
X263 = 0.00105609
X264 = 0.00105447
X265 = 0.00105286
X266 = 0.00105125
X267 = 0.00104964
X268 = 0.00104805
X269 = 0.00104646
X270 = 0.00104488
X271 = 0.0010433
X272 = 0.00104173
X273 = 0.00104017
X274 = 0.00103861
X275 = 0.00103706
X276 = 0.00103551
X277 = 0.00103398
X278 = 0.00103244
X279 = 0.00103092
X280 = 0.0010294
X281 = 0.00102788
X282 = 0.00102638
X283 = 0.00102487
X284 = 0.00102338
X285 = 0.00102189
X286 = 0.0010204
X287 = 0.00101892
X288 = 0.00101745
X289 = 0.00101598
X290 = 0.00101452
X291 = 0.00101307
X292 = 0.00101161
X293 = 0.00101017
X294 = 0.00100873
X295 = 0.0010073
X296 = 0.00100587
X297 = 0.00100444
X298 = 0.00100303
X299 = 0.00100161
X300 = 0.00100021
X301 = 0.000998804
X302 = 0.000997407
X303 = 0.000996016
X304 = 0.000994629
X305 = 0.000993248
X306 = 0.000991871
X307 = 0.0009905
X308 = 0.000989133
X309 = 0.000987772
X310 = 0.000986416
X311 = 0.000985064
X312 = 0.000983717
X313 = 0.000982375
X314 = 0.000981038
X315 = 0.000979706
X316 = 0.000978379
X317 = 0.000977056
X318 = 0.000975738
X319 = 0.000974424
X320 = 0.000973116
X321 = 0.000971811
X322 = 0.000970512
X323 = 0.000969217
X324 = 0.000967926
X325 = 0.00096664
X326 = 0.000965358
X327 = 0.000964081
X328 = 0.000962808
X329 = 0.00096154
X330 = 0.000960276
X331 = 0.000959016
X332 = 0.000957761
X333 = 0.000956509
X334 = 0.000955263
X335 = 0.00095402
X336 = 0.000952781
X337 = 0.000951547
X338 = 0.000950317
X339 = 0.000949091
X340 = 0.000947869
X341 = 0.000946651
X342 = 0.000945437
X343 = 0.000944227
X344 = 0.000943021
X345 = 0.000941819
X346 = 0.000940621
X347 = 0.000939427
X348 = 0.000938237
X349 = 0.000937051
X350 = 0.000935869
X351 = 0.00093469
X352 = 0.000933516
X353 = 0.000932345
X354 = 0.000931178
X355 = 0.000930014
X356 = 0.000928855
X357 = 0.000927699
X358 = 0.000926547
X359 = 0.000925398
X360 = 0.000924253
X361 = 0.000923112
X362 = 0.000921974
X363 = 0.00092084
X364 = 0.00091971
X365 = 0.000918583
X366 = 0.000917459
X367 = 0.000916339
X368 = 0.000915223
X369 = 0.00091411
X370 = 0.000913
X371 = 0.000911894
X372 = 0.000910791
X373 = 0.000909692
X374 = 0.000908596
X375 = 0.000907504
X376 = 0.000906414
X377 = 0.000905329
X378 = 0.000904246
X379 = 0.000903167
X380 = 0.000902091
X381 = 0.000901018
X382 = 0.000899948
X383 = 0.000898882
X384 = 0.000897819
X385 = 0.000896759
X386 = 0.000895702
X387 = 0.000894648
X388 = 0.000893598
X389 = 0.00089255
X390 = 0.000891506
X391 = 0.000890465
X392 = 0.000889427
X393 = 0.000888392
X394 = 0.000887359
X395 = 0.00088633
X396 = 0.000885304
X397 = 0.000884281
X398 = 0.000883261
X399 = 0.000882244
X400 = 0.00088123
X401 = 0.000880219
X402 = 0.00087921
X403 = 0.000878205
X404 = 0.000877202
X405 = 0.000876203
X406 = 0.000875206
X407 = 0.000874212
X408 = 0.000873221
X409 = 0.000872232
X410 = 0.000871247
X411 = 0.000870264
X412 = 0.000869284
X413 = 0.000868307
X414 = 0.000867332
X415 = 0.000866361
X416 = 0.000865391
X417 = 0.000864425
X418 = 0.000863461
X419 = 0.000862501
X420 = 0.000861542
X421 = 0.000860587
X422 = 0.000859634
X423 = 0.000858683
X424 = 0.000857735
X425 = 0.00085679
X426 = 0.000855848
X427 = 0.000854908
X428 = 0.00085397
X429 = 0.000853035
X430 = 0.000852103
X431 = 0.000851173
X432 = 0.000850246
X433 = 0.000849321
X434 = 0.000848399
X435 = 0.000847479
X436 = 0.000846561
X437 = 0.000845647
X438 = 0.000844734
X439 = 0.000843824
X440 = 0.000842916
X441 = 0.000842011
X442 = 0.000841108
X443 = 0.000840208
X444 = 0.00083931
X445 = 0.000838414
X446 = 0.000837521
X447 = 0.00083663
X448 = 0.000835742
X449 = 0.000834855
X450 = 0.000833971
X451 = 0.00083309
X452 = 0.00083221
X453 = 0.000831333
X454 = 0.000830458
X455 = 0.000829586
X456 = 0.000828715
X457 = 0.000827847
X458 = 0.000826981
X459 = 0.000826118
X460 = 0.000825256
X461 = 0.000824397
X462 = 0.00082354
X463 = 0.000822685
X464 = 0.000821833
X465 = 0.000820982
X466 = 0.000820134
X467 = 0.000819288
X468 = 0.000818444
X469 = 0.000817602
X470 = 0.000816762
X471 = 0.000815924
X472 = 0.000815089
X473 = 0.000814255
X474 = 0.000813424
X475 = 0.000812594
X476 = 0.000811767
X477 = 0.000810942
X478 = 0.000810118
X479 = 0.000809297
X480 = 0.000808478
X481 = 0.000807661
X482 = 0.000806846
X483 = 0.000806033
X484 = 0.000805222
X485 = 0.000804413
X486 = 0.000803605
X487 = 0.0008028
X488 = 0.000801997
X489 = 0.000801196
X490 = 0.000800396
X491 = 0.000799599
X492 = 0.000798803
X493 = 0.00079801
X494 = 0.000797218
X495 = 0.000796428
X496 = 0.000795641
X497 = 0.000794855
X498 = 0.000794071
X499 = 0.000793288
X500 = 0.000792508
X501 = 0.00079173
X502 = 0.000790953
X503 = 0.000790178
X504 = 0.000789405
X505 = 0.000788634
X506 = 0.000787865
X507 = 0.000787097
X508 = 0.000786331
X509 = 0.000785568
X510 = 0.000784805
X511 = 0.000784045
X512 = 0.000783286
X513 = 0.00078253
X514 = 0.000781775
X515 = 0.000781021
X516 = 0.00078027
X517 = 0.00077952
X518 = 0.000778772
X519 = 0.000778026
X520 = 0.000777281
X521 = 0.000776538
X522 = 0.000775797
X523 = 0.000775057
X524 = 0.00077432
X525 = 0.000773583
X526 = 0.000772849
X527 = 0.000772116
X528 = 0.000771385
X529 = 0.000770656
X530 = 0.000769928
X531 = 0.000769202
X532 = 0.000768477
X533 = 0.000767754
X534 = 0.000767033
X535 = 0.000766314
X536 = 0.000765596
X537 = 0.000764879
X538 = 0.000764164
X539 = 0.000763451
X540 = 0.00076274
X541 = 0.000762029
X542 = 0.000761321
X543 = 0.000760614
X544 = 0.000759909
X545 = 0.000759205
X546 = 0.000758503
X547 = 0.000757802
X548 = 0.000757103
X549 = 0.000756406
X550 = 0.00075571
X551 = 0.000755015
X552 = 0.000754322
X553 = 0.000753631
X554 = 0.000752941
X555 = 0.000752252
X556 = 0.000751565
X557 = 0.00075088
X558 = 0.000750196
X559 = 0.000749513
X560 = 0.000748832
X561 = 0.000748153
X562 = 0.000747475
X563 = 0.000746798
X564 = 0.000746123
X565 = 0.000745449
X566 = 0.000744777
X567 = 0.000744106
X568 = 0.000743436
X569 = 0.000742768
X570 = 0.000742102
X571 = 0.000741437
X572 = 0.000740773
X573 = 0.000740111
X574 = 0.00073945
X575 = 0.00073879
X576 = 0.000738132
X577 = 0.000737475
X578 = 0.00073682
X579 = 0.000736166
X580 = 0.000735513
X581 = 0.000734862
X582 = 0.000734212
X583 = 0.000733563
X584 = 0.000732916
X585 = 0.00073227
X586 = 0.000731626
X587 = 0.000730983
X588 = 0.000730341
X589 = 0.0007297
X590 = 0.000729061
X591 = 0.000728423
X592 = 0.000727787
X593 = 0.000727152
X594 = 0.000726518
X595 = 0.000725885
X596 = 0.000725254
X597 = 0.000724624
X598 = 0.000723995
X599 = 0.000723367
X600 = 0.000722741
X601 = 0.000722116
X602 = 0.000721493
X603 = 0.00072087
X604 = 0.000720249
X605 = 0.000719629
X606 = 0.000719011
X607 = 0.000718393
X608 = 0.000717777
X609 = 0.000717162
X610 = 0.000716549
X611 = 0.000715936
X612 = 0.000715325
X613 = 0.000714715
X614 = 0.000714106
X615 = 0.000713499
X616 = 0.000712892
X617 = 0.000712287
X618 = 0.000711683
X619 = 0.000711081
X620 = 0.000710479
X621 = 0.000709879
X622 = 0.00070928
X623 = 0.000708682
X624 = 0.000708085
X625 = 0.000707489
X626 = 0.000706895
X627 = 0.000706302
X628 = 0.000705709
X629 = 0.000705118
X630 = 0.000704529
X631 = 0.00070394
X632 = 0.000703353
X633 = 0.000702766
X634 = 0.000702181
X635 = 0.000701597
X636 = 0.000701014
X637 = 0.000700432
X638 = 0.000699851
X639 = 0.000699272
X640 = 0.000698693
X641 = 0.000698116
X642 = 0.00069754
X643 = 0.000696965
X644 = 0.000696391
X645 = 0.000695818
X646 = 0.000695246
X647 = 0.000694675
X648 = 0.000694106
X649 = 0.000693537
X650 = 0.00069297
X651 = 0.000692403
X652 = 0.000691838
X653 = 0.000691274
X654 = 0.00069071
X655 = 0.000690148
X656 = 0.000689587
X657 = 0.000689027
X658 = 0.000688468
X659 = 0.00068791
X660 = 0.000687353
X661 = 0.000686798
X662 = 0.000686243
X663 = 0.000685689
X664 = 0.000685137
X665 = 0.000684585
X666 = 0.000684034
X667 = 0.000683485
X668 = 0.000682936
X669 = 0.000682389
X670 = 0.000681842
X671 = 0.000681296
X672 = 0.000680752
X673 = 0.000680208
X674 = 0.000679666
X675 = 0.000679124
X676 = 0.000678584
X677 = 0.000678044
X678 = 0.000677506
X679 = 0.000676968
X680 = 0.000676432
X681 = 0.000675896
X682 = 0.000675362
X683 = 0.000674828
X684 = 0.000674295
X685 = 0.000673764
X686 = 0.000673233
X687 = 0.000672703
X688 = 0.000672174
X689 = 0.000671647
X690 = 0.00067112
X691 = 0.000670594
X692 = 0.000670069
X693 = 0.000669545
X694 = 0.000669022
X695 = 0.000668499
X696 = 0.000667978
X697 = 0.000667458
X698 = 0.000666939
X699 = 0.00066642
X700 = 0.000665903
X701 = 0.000665386
X702 = 0.000664871
X703 = 0.000664356
X704 = 0.000663842
X705 = 0.000663329
X706 = 0.000662817
X707 = 0.000662306
X708 = 0.000661796
X709 = 0.000661287
X710 = 0.000660778
X711 = 0.000660271
X712 = 0.000659764
X713 = 0.000659259
X714 = 0.000658754
X715 = 0.00065825
X716 = 0.000657747
X717 = 0.000657245
X718 = 0.000656743
X719 = 0.000656243
X720 = 0.000655743
X721 = 0.000655245
X722 = 0.000654747
X723 = 0.00065425
X724 = 0.000653754
X725 = 0.000653259
X726 = 0.000652765
X727 = 0.000652271
X728 = 0.000651778
X729 = 0.000651287
X730 = 0.000650796
X731 = 0.000650306
X732 = 0.000649816
X733 = 0.000649328
X734 = 0.000648841
X735 = 0.000648354
X736 = 0.000647868
X737 = 0.000647383
X738 = 0.000646899
X739 = 0.000646415
X740 = 0.000645933
X741 = 0.000645451
X742 = 0.00064497
X743 = 0.00064449
X744 = 0.000644011
X745 = 0.000643532
X746 = 0.000643054
X747 = 0.000642578
X748 = 0.000642101
X749 = 0.000641626
X750 = 0.000641152
X751 = 0.000640678
X752 = 0.000640205
X753 = 0.000639733
X754 = 0.000639262
X755 = 0.000638791
X756 = 0.000638322
X757 = 0.000637853
X758 = 0.000637385
X759 = 0.000636917
X760 = 0.000636451
X761 = 0.000635985
X762 = 0.00063552
X763 = 0.000635056
X764 = 0.000634592
X765 = 0.00063413
X766 = 0.000633668
X767 = 0.000633206
X768 = 0.000632746
X769 = 0.000632286
X770 = 0.000631827
X771 = 0.000631369
X772 = 0.000630912
X773 = 0.000630455
X774 = 0.000629999
X775 = 0.000629544
X776 = 0.00062909
X777 = 0.000628636
X778 = 0.000628183
X779 = 0.000627731
X780 = 0.00062728
X781 = 0.000626829
X782 = 0.000626379
X783 = 0.00062593
X784 = 0.000625481
X785 = 0.000625034
X786 = 0.000624587
X787 = 0.00062414
X788 = 0.000623695
X789 = 0.00062325
X790 = 0.000622806
X791 = 0.000622362
X792 = 0.00062192
X793 = 0.000621478
X794 = 0.000621036
X795 = 0.000620596
X796 = 0.000620156
X797 = 0.000619717
X798 = 0.000619278
X799 = 0.00061884
X800 = 0.000618403
X801 = 0.000617967
X802 = 0.000617531
X803 = 0.000617096
X804 = 0.000616662
X805 = 0.000616228
X806 = 0.000615795
X807 = 0.000615363
X808 = 0.000614932
X809 = 0.000614501
X810 = 0.000614071
X811 = 0.000613641
X812 = 0.000613212
X813 = 0.000612784
X814 = 0.000612357
X815 = 0.00061193
X816 = 0.000611504
X817 = 0.000611078
X818 = 0.000610653
X819 = 0.000610229
X820 = 0.000609806
X821 = 0.000609383
X822 = 0.000608961
X823 = 0.000608539
X824 = 0.000608118
X825 = 0.000607698
X826 = 0.000607279
X827 = 0.00060686
X828 = 0.000606442
X829 = 0.000606024
X830 = 0.000605607
X831 = 0.000605191
X832 = 0.000604775
X833 = 0.00060436
X834 = 0.000603946
X835 = 0.000603532
X836 = 0.000603119
X837 = 0.000602707
X838 = 0.000602295
X839 = 0.000601884
X840 = 0.000601473
X841 = 0.000601063
X842 = 0.000600654
X843 = 0.000600245
X844 = 0.000599837
X845 = 0.00059943
X846 = 0.000599023
X847 = 0.000598617
X848 = 0.000598211
X849 = 0.000597806
X850 = 0.000597402
X851 = 0.000596998
X852 = 0.000596595
X853 = 0.000596192
X854 = 0.00059579
X855 = 0.000595389
X856 = 0.000594989
X857 = 0.000594588
X858 = 0.000594189
X859 = 0.00059379
X860 = 0.000593392
X861 = 0.000592994
X862 = 0.000592597
X863 = 0.000592201
X864 = 0.000591805
X865 = 0.000591409
X866 = 0.000591015
X867 = 0.000590621
X868 = 0.000590227
X869 = 0.000589834
X870 = 0.000589442
X871 = 0.00058905
X872 = 0.000588659
X873 = 0.000588268
X874 = 0.000587878
X875 = 0.000587489
X876 = 0.0005871
X877 = 0.000586711
X878 = 0.000586324
X879 = 0.000585937
X880 = 0.00058555
X881 = 0.000585164
X882 = 0.000584778
X883 = 0.000584394
X884 = 0.000584009
X885 = 0.000583625
X886 = 0.000583242
X887 = 0.00058286
X888 = 0.000582478
X889 = 0.000582096
X890 = 0.000581715
X891 = 0.000581335
X892 = 0.000580955
X893 = 0.000580576
X894 = 0.000580197
X895 = 0.000579819
X896 = 0.000579441
X897 = 0.000579064
X898 = 0.000578687
X899 = 0.000578311
X900 = 0.000577936
X901 = 0.000577561
X902 = 0.000577187
X903 = 0.000576813
X904 = 0.00057644
X905 = 0.000576067
X906 = 0.000575695
X907 = 0.000575323
X908 = 0.000574952
X909 = 0.000574581
X910 = 0.000574211
X911 = 0.000573841
X912 = 0.000573472
X913 = 0.000573104
X914 = 0.000572736
X915 = 0.000572368
X916 = 0.000572002
X917 = 0.000571635
X918 = 0.000571269
X919 = 0.000570904
X920 = 0.000570539
X921 = 0.000570175
X922 = 0.000569811
X923 = 0.000569448
X924 = 0.000569085
X925 = 0.000568723
X926 = 0.000568361
X927 = 0.000568
X928 = 0.000567639
X929 = 0.000567279
X930 = 0.000566919
X931 = 0.00056656
X932 = 0.000566201
X933 = 0.000565843
X934 = 0.000565485
X935 = 0.000565128
X936 = 0.000564771
X937 = 0.000564415
X938 = 0.000564059
X939 = 0.000563704
X940 = 0.000563349
X941 = 0.000562995
X942 = 0.000562642
X943 = 0.000562288
X944 = 0.000561936
X945 = 0.000561583
X946 = 0.000561232
X947 = 0.00056088
X948 = 0.000560529
X949 = 0.000560179
X950 = 0.000559829
X951 = 0.00055948
X952 = 0.000559131
X953 = 0.000558783
X954 = 0.000558435
X955 = 0.000558088
X956 = 0.000557741
X957 = 0.000557394
X958 = 0.000557048
X959 = 0.000556703
X960 = 0.000556358
X961 = 0.000556013
X962 = 0.000555669
X963 = 0.000555325
X964 = 0.000554982
X965 = 0.00055464
X966 = 0.000554297
X967 = 0.000553956
X968 = 0.000553614
X969 = 0.000553274
X970 = 0.000552933
X971 = 0.000552593
X972 = 0.000552254
X973 = 0.000551915
X974 = 0.000551576
X975 = 0.000551238
X976 = 0.000550901
X977 = 0.000550564
X978 = 0.000550227
X979 = 0.000549891
X980 = 0.000549555
X981 = 0.00054922
X982 = 0.000548885
X983 = 0.00054855
X984 = 0.000548216
X985 = 0.000547883
X986 = 0.00054755
X987 = 0.000547217
X988 = 0.000546885
X989 = 0.000546553
X990 = 0.000546222
X991 = 0.000545891
X992 = 0.000545561
X993 = 0.000545231
X994 = 0.000544901
X995 = 0.000544572
X996 = 0.000544244
X997 = 0.000543915
X998 = 0.000543588
X999 = 0.00054326
X1000 = 0.000542933
X1001 = 0.000542607
X1002 = 0.000542281
X1003 = 0.000541955
X1004 = 0.00054163
X1005 = 0.000541305
X1006 = 0.000540981
X1007 = 0.000540657
X1008 = 0.000540334
X1009 = 0.00054001
X1010 = 0.000539688
X1011 = 0.000539366
X1012 = 0.000539044
X1013 = 0.000538722
X1014 = 0.000538402
X1015 = 0.000538081
X1016 = 0.000537761
X1017 = 0.000537441
X1018 = 0.000537122
X1019 = 0.000536803
X1020 = 0.000536485
X1021 = 0.000536167
X1022 = 0.000535849
X1023 = 0.000535532
X1024 = 0.000535215
X1025 = 0.000534899
X1026 = 0.000534583
X1027 = 0.000534267
X1028 = 0.000533952
X1029 = 0.000533637
X1030 = 0.000533323
X1031 = 0.000533009
X1032 = 0.000532696
X1033 = 0.000532383
X1034 = 0.00053207
X1035 = 0.000531758
X1036 = 0.000531446
X1037 = 0.000531134
X1038 = 0.000530823
X1039 = 0.000530512
X1040 = 0.000530202
X1041 = 0.000529892
X1042 = 0.000529583
X1043 = 0.000529274
X1044 = 0.000528965
X1045 = 0.000528657
X1046 = 0.000528349
X1047 = 0.000528041
X1048 = 0.000527734
X1049 = 0.000527427
X1050 = 0.000527121
X1051 = 0.000526815
X1052 = 0.000526509
X1053 = 0.000526204
X1054 = 0.000525899
X1055 = 0.000525595
X1056 = 0.000525291
X1057 = 0.000524987
X1058 = 0.000524684
X1059 = 0.000524381
X1060 = 0.000524079
X1061 = 0.000523777
X1062 = 0.000523475
X1063 = 0.000523174
X1064 = 0.000522873
X1065 = 0.000522572
X1066 = 0.000522272
X1067 = 0.000521972
X1068 = 0.000521672
X1069 = 0.000521373
X1070 = 0.000521075
X1071 = 0.000520776
X1072 = 0.000520478
X1073 = 0.000520181
X1074 = 0.000519884
X1075 = 0.000519587
X1076 = 0.00051929
X1077 = 0.000518994
X1078 = 0.000518698
X1079 = 0.000518403
X1080 = 0.000518108
X1081 = 0.000517813
X1082 = 0.000517519
X1083 = 0.000517225
X1084 = 0.000516932
X1085 = 0.000516638
X1086 = 0.000516346
X1087 = 0.000516053
X1088 = 0.000515761
X1089 = 0.000515469
X1090 = 0.000515178
X1091 = 0.000514887
X1092 = 0.000514596
X1093 = 0.000514306
X1094 = 0.000514016
X1095 = 0.000513726
X1096 = 0.000513437
X1097 = 0.000513148
X1098 = 0.00051286
X1099 = 0.000512572
X1100 = 0.000512284
X1101 = 0.000511996
X1102 = 0.000511709
X1103 = 0.000511422
X1104 = 0.000511136
X1105 = 0.00051085
X1106 = 0.000510564
X1107 = 0.000510279
X1108 = 0.000509994
X1109 = 0.000509709
X1110 = 0.000509425
X1111 = 0.000509141
X1112 = 0.000508857
X1113 = 0.000508574
X1114 = 0.000508291
X1115 = 0.000508008
X1116 = 0.000507726
X1117 = 0.000507444
X1118 = 0.000507163
X1119 = 0.000506881
X1120 = 0.000506601
X1121 = 0.00050632
X1122 = 0.00050604
X1123 = 0.00050576
X1124 = 0.00050548
X1125 = 0.000505201
X1126 = 0.000504922
X1127 = 0.000504644
X1128 = 0.000504366
X1129 = 0.000504088
X1130 = 0.00050381
X1131 = 0.000503533
X1132 = 0.000503256
X1133 = 0.000502979
X1134 = 0.000502703
X1135 = 0.000502427
X1136 = 0.000502152
X1137 = 0.000501877
X1138 = 0.000501602
X1139 = 0.000501327
X1140 = 0.000501053
X1141 = 0.000500779
X1142 = 0.000500505
X1143 = 0.000500232
X1144 = 0.000499959
X1145 = 0.000499686
X1146 = 0.000499414
X1147 = 0.000499142
X1148 = 0.00049887
X1149 = 0.000498599
X1150 = 0.000498328
X1151 = 0.000498057
X1152 = 0.000497787
X1153 = 0.000497517
X1154 = 0.000497247
X1155 = 0.000496978
X1156 = 0.000496709
X1157 = 0.00049644
X1158 = 0.000496171
X1159 = 0.000495903
X1160 = 0.000495635
X1161 = 0.000495368
X1162 = 0.000495101
X1163 = 0.000494834
X1164 = 0.000494567
X1165 = 0.000494301
X1166 = 0.000494035
X1167 = 0.000493769
X1168 = 0.000493504
X1169 = 0.000493239
X1170 = 0.000492974
X1171 = 0.00049271
X1172 = 0.000492445
X1173 = 0.000492182
X1174 = 0.000491918
X1175 = 0.000491655
X1176 = 0.000491392
X1177 = 0.000491129
X1178 = 0.000490867
X1179 = 0.000490605
X1180 = 0.000490343
X1181 = 0.000490082
X1182 = 0.000489821
X1183 = 0.00048956
X1184 = 0.0004893
X1185 = 0.000489039
X1186 = 0.00048878
X1187 = 0.00048852
X1188 = 0.000488261
X1189 = 0.000488002
X1190 = 0.000487743
X1191 = 0.000487485
X1192 = 0.000487226
X1193 = 0.000486969
X1194 = 0.000486711
X1195 = 0.000486454
X1196 = 0.000486197
X1197 = 0.00048594
X1198 = 0.000485684
X1199 = 0.000485428
X1200 = 0.000485172
X1201 = 0.000484917
X1202 = 0.000484662
X1203 = 0.000484407
X1204 = 0.000484152
X1205 = 0.000483898
X1206 = 0.000483644
X1207 = 0.00048339
X1208 = 0.000483137
X1209 = 0.000482883
X1210 = 0.000482631
X1211 = 0.000482378
X1212 = 0.000482126
X1213 = 0.000481874
X1214 = 0.000481622
X1215 = 0.000481371
X1216 = 0.000481119
X1217 = 0.000480869
X1218 = 0.000480618
X1219 = 0.000480368
X1220 = 0.000480118
X1221 = 0.000479868
X1222 = 0.000479618
X1223 = 0.000479369
X1224 = 0.00047912
X1225 = 0.000478872
X1226 = 0.000478623
X1227 = 0.000478375
X1228 = 0.000478127
X1229 = 0.00047788
X1230 = 0.000477633
X1231 = 0.000477386
X1232 = 0.000477139
X1233 = 0.000476893
X1234 = 0.000476646
X1235 = 0.000476401
X1236 = 0.000476155
X1237 = 0.00047591
X1238 = 0.000475665
X1239 = 0.00047542
X1240 = 0.000475175
X1241 = 0.000474931
X1242 = 0.000474687
X1243 = 0.000474443
X1244 = 0.0004742
X1245 = 0.000473957
X1246 = 0.000473714
X1247 = 0.000473471
X1248 = 0.000473229
X1249 = 0.000472987
X1250 = 0.000472745
X1251 = 0.000472503
X1252 = 0.000472262
X1253 = 0.000472021
X1254 = 0.00047178
X1255 = 0.00047154
X1256 = 0.0004713
X1257 = 0.00047106
X1258 = 0.00047082
X1259 = 0.000470581
X1260 = 0.000470341
X1261 = 0.000470102
X1262 = 0.000469864
X1263 = 0.000469625
X1264 = 0.000469387
X1265 = 0.000469149
X1266 = 0.000468912
X1267 = 0.000468674
X1268 = 0.000468437
X1269 = 0.0004682
X1270 = 0.000467964
X1271 = 0.000467728
X1272 = 0.000467491
X1273 = 0.000467256
X1274 = 0.00046702
X1275 = 0.000466785
X1276 = 0.00046655
X1277 = 0.000466315
X1278 = 0.00046608
X1279 = 0.000465846
X1280 = 0.000465612
X1281 = 0.000465378
X1282 = 0.000465145
X1283 = 0.000464911
X1284 = 0.000464678
X1285 = 0.000464446
X1286 = 0.000464213
X1287 = 0.000463981
X1288 = 0.000463749
X1289 = 0.000463517
X1290 = 0.000463285
X1291 = 0.000463054
X1292 = 0.000462823
X1293 = 0.000462592
X1294 = 0.000462362
X1295 = 0.000462132
X1296 = 0.000461902
X1297 = 0.000461672
X1298 = 0.000461442
X1299 = 0.000461213
X1300 = 0.000460984
X1301 = 0.000460755
X1302 = 0.000460526
X1303 = 0.000460298
X1304 = 0.00046007
X1305 = 0.000459842
X1306 = 0.000459614
X1307 = 0.000459387
X1308 = 0.00045916
X1309 = 0.000458933
X1310 = 0.000458706
X1311 = 0.00045848
X1312 = 0.000458254
X1313 = 0.000458028
X1314 = 0.000457802
X1315 = 0.000457577
X1316 = 0.000457352
X1317 = 0.000457127
X1318 = 0.000456902
X1319 = 0.000456677
X1320 = 0.000456453
X1321 = 0.000456229
X1322 = 0.000456005
X1323 = 0.000455782
X1324 = 0.000455558
X1325 = 0.000455335
X1326 = 0.000455113
X1327 = 0.00045489
X1328 = 0.000454668
X1329 = 0.000454445
X1330 = 0.000454223
X1331 = 0.000454002
X1332 = 0.00045378
X1333 = 0.000453559
X1334 = 0.000453338
X1335 = 0.000453117
X1336 = 0.000452897
X1337 = 0.000452676
X1338 = 0.000452456
X1339 = 0.000452237
X1340 = 0.000452017
X1341 = 0.000451798
X1342 = 0.000451578
X1343 = 0.000451359
X1344 = 0.000451141
X1345 = 0.000450922
X1346 = 0.000450704
X1347 = 0.000450486
X1348 = 0.000450268
X1349 = 0.000450051
X1350 = 0.000449833
X1351 = 0.000449616
X1352 = 0.000449399
X1353 = 0.000449183
X1354 = 0.000448966
X1355 = 0.00044875
X1356 = 0.000448534
X1357 = 0.000448318
X1358 = 0.000448103
X1359 = 0.000447887
X1360 = 0.000447672
X1361 = 0.000447457
X1362 = 0.000447242
X1363 = 0.000447028
X1364 = 0.000446814
X1365 = 0.0004466
X1366 = 0.000446386
X1367 = 0.000446172
X1368 = 0.000445959
X1369 = 0.000445746
X1370 = 0.000445533
X1371 = 0.00044532
X1372 = 0.000445108
X1373 = 0.000444895
X1374 = 0.000444683
X1375 = 0.000444471
X1376 = 0.00044426
X1377 = 0.000444048
X1378 = 0.000443837
X1379 = 0.000443626
X1380 = 0.000443415
X1381 = 0.000443205
X1382 = 0.000442995
X1383 = 0.000442784
X1384 = 0.000442574
X1385 = 0.000442365
X1386 = 0.000442155
X1387 = 0.000441946
X1388 = 0.000441737
X1389 = 0.000441528
X1390 = 0.000441319
X1391 = 0.000441111
X1392 = 0.000440903
X1393 = 0.000440695
X1394 = 0.000440487
X1395 = 0.000440279
X1396 = 0.000440072
X1397 = 0.000439865
X1398 = 0.000439658
X1399 = 0.000439451
X1400 = 0.000439244
X1401 = 0.000439038
X1402 = 0.000438832
X1403 = 0.000438626
X1404 = 0.00043842
X1405 = 0.000438215
X1406 = 0.000438009
X1407 = 0.000437804
X1408 = 0.000437599
X1409 = 0.000437395
X1410 = 0.00043719
X1411 = 0.000436986
X1412 = 0.000436782
X1413 = 0.000436578
X1414 = 0.000436374
X1415 = 0.000436171
X1416 = 0.000435967
X1417 = 0.000435764
X1418 = 0.000435561
X1419 = 0.000435359
X1420 = 0.000435156
X1421 = 0.000434954
X1422 = 0.000434752
X1423 = 0.00043455
X1424 = 0.000434348
X1425 = 0.000434147
X1426 = 0.000433945
X1427 = 0.000433744
X1428 = 0.000433543
X1429 = 0.000433343
X1430 = 0.000433142
X1431 = 0.000432942
X1432 = 0.000432742
X1433 = 0.000432542
X1434 = 0.000432342
X1435 = 0.000432143
X1436 = 0.000431943
X1437 = 0.000431744
X1438 = 0.000431545
X1439 = 0.000431347
X1440 = 0.000431148
X1441 = 0.00043095
X1442 = 0.000430752
X1443 = 0.000430554
X1444 = 0.000430356
X1445 = 0.000430158
X1446 = 0.000429961
X1447 = 0.000429764
X1448 = 0.000429567
X1449 = 0.00042937
X1450 = 0.000429173
X1451 = 0.000428977
X1452 = 0.000428781
X1453 = 0.000428585
X1454 = 0.000428389
X1455 = 0.000428193
X1456 = 0.000427998
X1457 = 0.000427803
X1458 = 0.000427608
X1459 = 0.000427413
X1460 = 0.000427218
X1461 = 0.000427023
X1462 = 0.000426829
X1463 = 0.000426635
X1464 = 0.000426441
X1465 = 0.000426247
X1466 = 0.000426054
X1467 = 0.00042586
X1468 = 0.000425667
X1469 = 0.000425474
X1470 = 0.000425281
X1471 = 0.000425089
X1472 = 0.000424896
X1473 = 0.000424704
X1474 = 0.000424512
X1475 = 0.00042432
X1476 = 0.000424128
X1477 = 0.000423937
X1478 = 0.000423745
X1479 = 0.000423554
X1480 = 0.000423363
X1481 = 0.000423172
X1482 = 0.000422982
X1483 = 0.000422791
X1484 = 0.000422601
X1485 = 0.000422411
X1486 = 0.000422221
X1487 = 0.000422031
X1488 = 0.000421842
X1489 = 0.000421652
X1490 = 0.000421463
X1491 = 0.000421274
X1492 = 0.000421085
X1493 = 0.000420897
X1494 = 0.000420708
X1495 = 0.00042052
X1496 = 0.000420332
X1497 = 0.000420144
X1498 = 0.000419956
X1499 = 0.000419769
X1500 = 0.000419581
X1501 = 0.000419394
X1502 = 0.000419207
X1503 = 0.00041902
X1504 = 0.000418834
X1505 = 0.000418647
X1506 = 0.000418461
X1507 = 0.000418275
X1508 = 0.000418089
X1509 = 0.000417903
X1510 = 0.000417717
X1511 = 0.000417532
X1512 = 0.000417347
X1513 = 0.000417161
X1514 = 0.000416977
X1515 = 0.000416792
X1516 = 0.000416607
X1517 = 0.000416423
X1518 = 0.000416239
X1519 = 0.000416055
X1520 = 0.000415871
X1521 = 0.000415687
X1522 = 0.000415503
X1523 = 0.00041532
X1524 = 0.000415137
X1525 = 0.000414954
X1526 = 0.000414771
X1527 = 0.000414588
X1528 = 0.000414406
X1529 = 0.000414223
X1530 = 0.000414041
X1531 = 0.000413859
X1532 = 0.000413677
X1533 = 0.000413496
X1534 = 0.000413314
X1535 = 0.000413133
X1536 = 0.000412952
X1537 = 0.000412771
X1538 = 0.00041259
X1539 = 0.000412409
X1540 = 0.000412229
X1541 = 0.000412048
X1542 = 0.000411868
X1543 = 0.000411688
X1544 = 0.000411509
X1545 = 0.000411329
X1546 = 0.000411149
X1547 = 0.00041097
X1548 = 0.000410791
X1549 = 0.000410612
X1550 = 0.000410433
X1551 = 0.000410254
X1552 = 0.000410076
X1553 = 0.000409898
X1554 = 0.000409719
X1555 = 0.000409541
X1556 = 0.000409364
X1557 = 0.000409186
X1558 = 0.000409008
X1559 = 0.000408831
X1560 = 0.000408654
X1561 = 0.000408477
X1562 = 0.0004083
X1563 = 0.000408123
X1564 = 0.000407947
X1565 = 0.00040777
X1566 = 0.000407594
X1567 = 0.000407418
X1568 = 0.000407242
X1569 = 0.000407066
X1570 = 0.000406891
X1571 = 0.000406715
X1572 = 0.00040654
X1573 = 0.000406365
X1574 = 0.00040619
X1575 = 0.000406015
X1576 = 0.000405841
X1577 = 0.000405666
X1578 = 0.000405492
X1579 = 0.000405318
X1580 = 0.000405144
X1581 = 0.00040497
X1582 = 0.000404796
X1583 = 0.000404623
X1584 = 0.000404449
X1585 = 0.000404276
X1586 = 0.000404103
X1587 = 0.00040393
X1588 = 0.000403758
X1589 = 0.000403585
X1590 = 0.000403413
X1591 = 0.00040324
X1592 = 0.000403068
X1593 = 0.000402896
X1594 = 0.000402724
X1595 = 0.000402553
X1596 = 0.000402381
X1597 = 0.00040221
X1598 = 0.000402039
X1599 = 0.000401868
X1600 = 0.000401697
X1601 = 0.000401526
X1602 = 0.000401356
X1603 = 0.000401185
X1604 = 0.000401015
X1605 = 0.000400845
X1606 = 0.000400675
X1607 = 0.000400505
X1608 = 0.000400335
X1609 = 0.000400166
X1610 = 0.000399997
X1611 = 0.000399827
X1612 = 0.000399658
X1613 = 0.000399489
X1614 = 0.000399321
X1615 = 0.000399152
X1616 = 0.000398984
X1617 = 0.000398815
X1618 = 0.000398647
X1619 = 0.000398479
X1620 = 0.000398311
X1621 = 0.000398144
X1622 = 0.000397976
X1623 = 0.000397809
X1624 = 0.000397641
X1625 = 0.000397474
X1626 = 0.000397307
X1627 = 0.000397141
X1628 = 0.000396974
X1629 = 0.000396807
X1630 = 0.000396641
X1631 = 0.000396475
X1632 = 0.000396309
X1633 = 0.000396143
X1634 = 0.000395977
X1635 = 0.000395811
X1636 = 0.000395646
X1637 = 0.000395481
X1638 = 0.000395315
X1639 = 0.00039515
X1640 = 0.000394985
X1641 = 0.000394821
X1642 = 0.000394656
X1643 = 0.000394492
X1644 = 0.000394327
X1645 = 0.000394163
X1646 = 0.000393999
X1647 = 0.000393835
X1648 = 0.000393671
X1649 = 0.000393508
X1650 = 0.000393344
X1651 = 0.000393181
X1652 = 0.000393018
X1653 = 0.000392855
X1654 = 0.000392692
X1655 = 0.000392529
X1656 = 0.000392367
X1657 = 0.000392204
X1658 = 0.000392042
X1659 = 0.00039188
X1660 = 0.000391718
X1661 = 0.000391556
X1662 = 0.000391394
X1663 = 0.000391232
X1664 = 0.000391071
X1665 = 0.000390909
X1666 = 0.000390748
X1667 = 0.000390587
X1668 = 0.000390426
X1669 = 0.000390266
X1670 = 0.000390105
X1671 = 0.000389944
X1672 = 0.000389784
X1673 = 0.000389624
X1674 = 0.000389464
X1675 = 0.000389304
X1676 = 0.000389144
X1677 = 0.000388984
X1678 = 0.000388825
X1679 = 0.000388665
X1680 = 0.000388506
X1681 = 0.000388347
X1682 = 0.000388188
X1683 = 0.000388029
X1684 = 0.00038787
X1685 = 0.000387712
X1686 = 0.000387553
X1687 = 0.000387395
X1688 = 0.000387237
X1689 = 0.000387079
X1690 = 0.000386921
X1691 = 0.000386763
X1692 = 0.000386606
X1693 = 0.000386448
X1694 = 0.000386291
X1695 = 0.000386134
X1696 = 0.000385977
X1697 = 0.00038582
X1698 = 0.000385663
X1699 = 0.000385506
X1700 = 0.00038535
X1701 = 0.000385193
X1702 = 0.000385037
X1703 = 0.000384881
X1704 = 0.000384725
X1705 = 0.000384569
X1706 = 0.000384413
X1707 = 0.000384257
X1708 = 0.000384102
X1709 = 0.000383947
X1710 = 0.000383791
X1711 = 0.000383636
X1712 = 0.000383481
X1713 = 0.000383327
X1714 = 0.000383172
X1715 = 0.000383017
X1716 = 0.000382863
X1717 = 0.000382709
X1718 = 0.000382554
X1719 = 0.0003824
X1720 = 0.000382246
X1721 = 0.000382093
X1722 = 0.000381939
X1723 = 0.000381785
X1724 = 0.000381632
X1725 = 0.000381479
X1726 = 0.000381326
X1727 = 0.000381173
X1728 = 0.00038102
X1729 = 0.000380867
X1730 = 0.000380714
X1731 = 0.000380562
X1732 = 0.00038041
X1733 = 0.000380257
X1734 = 0.000380105
X1735 = 0.000379953
X1736 = 0.000379801
X1737 = 0.00037965
X1738 = 0.000379498
X1739 = 0.000379347
X1740 = 0.000379195
X1741 = 0.000379044
X1742 = 0.000378893
X1743 = 0.000378742
X1744 = 0.000378591
X1745 = 0.000378441
X1746 = 0.00037829
X1747 = 0.00037814
X1748 = 0.000377989
X1749 = 0.000377839
X1750 = 0.000377689
X1751 = 0.000377539
X1752 = 0.000377389
X1753 = 0.000377239
X1754 = 0.00037709
X1755 = 0.00037694
X1756 = 0.000376791
X1757 = 0.000376642
X1758 = 0.000376493
X1759 = 0.000376344
X1760 = 0.000376195
X1761 = 0.000376046
X1762 = 0.000375898
X1763 = 0.000375749
X1764 = 0.000375601
X1765 = 0.000375453
X1766 = 0.000375305
X1767 = 0.000375157
X1768 = 0.000375009
X1769 = 0.000374861
X1770 = 0.000374713
X1771 = 0.000374566
X1772 = 0.000374419
X1773 = 0.000374271
X1774 = 0.000374124
X1775 = 0.000373977
X1776 = 0.00037383
X1777 = 0.000373684
X1778 = 0.000373537
X1779 = 0.00037339
X1780 = 0.000373244
X1781 = 0.000373098
X1782 = 0.000372952
X1783 = 0.000372806
X1784 = 0.00037266
X1785 = 0.000372514
X1786 = 0.000372368
X1787 = 0.000372223
X1788 = 0.000372077
X1789 = 0.000371932
X1790 = 0.000371787
X1791 = 0.000371642
X1792 = 0.000371497
X1793 = 0.000371352
X1794 = 0.000371207
X1795 = 0.000371062
X1796 = 0.000370918
X1797 = 0.000370774
X1798 = 0.000370629
X1799 = 0.000370485
X1800 = 0.000370341
X1801 = 0.000370197
X1802 = 0.000370053
X1803 = 0.00036991
X1804 = 0.000369766
X1805 = 0.000369623
X1806 = 0.000369479
X1807 = 0.000369336
X1808 = 0.000369193
X1809 = 0.00036905
X1810 = 0.000368907
X1811 = 0.000368765
X1812 = 0.000368622
X1813 = 0.00036848
X1814 = 0.000368337
X1815 = 0.000368195
X1816 = 0.000368053
X1817 = 0.000367911
X1818 = 0.000367769
X1819 = 0.000367627
X1820 = 0.000367485
X1821 = 0.000367344
X1822 = 0.000367202
X1823 = 0.000367061
X1824 = 0.00036692
X1825 = 0.000366778
X1826 = 0.000366637
X1827 = 0.000366496
X1828 = 0.000366356
X1829 = 0.000366215
X1830 = 0.000366074
X1831 = 0.000365934
X1832 = 0.000365794
X1833 = 0.000365653
X1834 = 0.000365513
X1835 = 0.000365373
X1836 = 0.000365233
X1837 = 0.000365094
X1838 = 0.000364954
X1839 = 0.000364814
X1840 = 0.000364675
X1841 = 0.000364536
X1842 = 0.000364396
X1843 = 0.000364257
X1844 = 0.000364118
X1845 = 0.000363979
X1846 = 0.000363841
X1847 = 0.000363702
X1848 = 0.000363563
X1849 = 0.000363425
X1850 = 0.000363287
X1851 = 0.000363148
X1852 = 0.00036301
X1853 = 0.000362872
X1854 = 0.000362734
X1855 = 0.000362597
X1856 = 0.000362459
X1857 = 0.000362321
X1858 = 0.000362184
X1859 = 0.000362047
X1860 = 0.000361909
X1861 = 0.000361772
X1862 = 0.000361635
X1863 = 0.000361498
X1864 = 0.000361361
X1865 = 0.000361225
X1866 = 0.000361088
X1867 = 0.000360952
X1868 = 0.000360815
X1869 = 0.000360679
X1870 = 0.000360543
X1871 = 0.000360407
X1872 = 0.000360271
X1873 = 0.000360135
X1874 = 0.000359999
X1875 = 0.000359864
X1876 = 0.000359728
X1877 = 0.000359593
X1878 = 0.000359457
X1879 = 0.000359322
X1880 = 0.000359187
X1881 = 0.000359052
X1882 = 0.000358917
X1883 = 0.000358783
X1884 = 0.000358648
X1885 = 0.000358513
X1886 = 0.000358379
X1887 = 0.000358244
X1888 = 0.00035811
X1889 = 0.000357976
X1890 = 0.000357842
X1891 = 0.000357708
X1892 = 0.000357574
X1893 = 0.000357441
X1894 = 0.000357307
X1895 = 0.000357173
X1896 = 0.00035704
X1897 = 0.000356907
X1898 = 0.000356774
X1899 = 0.00035664
X1900 = 0.000356507
X1901 = 0.000356375
X1902 = 0.000356242
X1903 = 0.000356109
X1904 = 0.000355976
X1905 = 0.000355844
X1906 = 0.000355712
X1907 = 0.000355579
X1908 = 0.000355447
X1909 = 0.000355315
X1910 = 0.000355183
X1911 = 0.000355051
X1912 = 0.00035492
X1913 = 0.000354788
X1914 = 0.000354656
X1915 = 0.000354525
X1916 = 0.000354394
X1917 = 0.000354262
X1918 = 0.000354131
X1919 = 0.000354
X1920 = 0.000353869
X1921 = 0.000353738
X1922 = 0.000353608
X1923 = 0.000353477
X1924 = 0.000353346
X1925 = 0.000353216
X1926 = 0.000353086
X1927 = 0.000352955
X1928 = 0.000352825
X1929 = 0.000352695
X1930 = 0.000352565
X1931 = 0.000352435
X1932 = 0.000352306
X1933 = 0.000352176
X1934 = 0.000352046
X1935 = 0.000351917
X1936 = 0.000351788
X1937 = 0.000351658
X1938 = 0.000351529
X1939 = 0.0003514
X1940 = 0.000351271
X1941 = 0.000351142
X1942 = 0.000351014
X1943 = 0.000350885
X1944 = 0.000350756
X1945 = 0.000350628
X1946 = 0.0003505
X1947 = 0.000350371
X1948 = 0.000350243
X1949 = 0.000350115
X1950 = 0.000349987
X1951 = 0.000349859
X1952 = 0.000349732
X1953 = 0.000349604
X1954 = 0.000349476
X1955 = 0.000349349
X1956 = 0.000349221
X1957 = 0.000349094
X1958 = 0.000348967
X1959 = 0.00034884
X1960 = 0.000348713
X1961 = 0.000348586
X1962 = 0.000348459
X1963 = 0.000348332
X1964 = 0.000348206
X1965 = 0.000348079
X1966 = 0.000347953
X1967 = 0.000347827
X1968 = 0.0003477
X1969 = 0.000347574
X1970 = 0.000347448
X1971 = 0.000347322
X1972 = 0.000347196
X1973 = 0.000347071
X1974 = 0.000346945
X1975 = 0.000346819
X1976 = 0.000346694
X1977 = 0.000346568
X1978 = 0.000346443
X1979 = 0.000346318
X1980 = 0.000346193
X1981 = 0.000346068
X1982 = 0.000345943
X1983 = 0.000345818
X1984 = 0.000345693
X1985 = 0.000345569
X1986 = 0.000345444
X1987 = 0.00034532
X1988 = 0.000345196
X1989 = 0.000345071
X1990 = 0.000344947
X1991 = 0.000344823
X1992 = 0.000344699
X1993 = 0.000344575
X1994 = 0.000344451
X1995 = 0.000344328
X1996 = 0.000344204
X1997 = 0.000344081
X1998 = 0.000343957
X1999 = 0.000343834
X2000 = 0.000343711
X2001 = 0.000343588
X2002 = 0.000343464
X2003 = 0.000343342
X2004 = 0.000343219
X2005 = 0.000343096
X2006 = 0.000342973
X2007 = 0.000342851
X2008 = 0.000342728
X2009 = 0.000342606
X2010 = 0.000342483
X2011 = 0.000342361
X2012 = 0.000342239
X2013 = 0.000342117
X2014 = 0.000341995
X2015 = 0.000341873
X2016 = 0.000341751
X2017 = 0.00034163
X2018 = 0.000341508
X2019 = 0.000341387
X2020 = 0.000341265
X2021 = 0.000341144
X2022 = 0.000341023
X2023 = 0.000340901
X2024 = 0.00034078
X2025 = 0.000340659
X2026 = 0.000340539
X2027 = 0.000340418
X2028 = 0.000340297
X2029 = 0.000340177
X2030 = 0.000340056
X2031 = 0.000339936
X2032 = 0.000339815
X2033 = 0.000339695
X2034 = 0.000339575
X2035 = 0.000339455
X2036 = 0.000339335
X2037 = 0.000339215
X2038 = 0.000339095
X2039 = 0.000338975
X2040 = 0.000338856
X2041 = 0.000338736
X2042 = 0.000338617
X2043 = 0.000338497
X2044 = 0.000338378
X2045 = 0.000338259
X2046 = 0.00033814
X2047 = 0.000338021

||Ax - b|| = 1.82731e-09

Number of proc = 32
Matrix Dim = 2048
Reflection time = 3.45709
Gauss time = 0.116302
Discrepancy time = 0.00699816
