
X0 = 0.0058521
X1 = 0.00552912
X2 = 0.00528709
X3 = 0.00509363
X4 = 0.00493254
X5 = 0.0047946
X6 = 0.004674
X7 = 0.00456689
X8 = 0.00447059
X9 = 0.00438312
X10 = 0.00430301
X11 = 0.00422913
X12 = 0.00416059
X13 = 0.00409667
X14 = 0.00403681
X15 = 0.00398052
X16 = 0.00392741
X17 = 0.00387713
X18 = 0.00382942
X19 = 0.00378402
X20 = 0.00374072
X21 = 0.00369935
X22 = 0.00365973
X23 = 0.00362174
X24 = 0.00358524
X25 = 0.00355012
X26 = 0.00351629
X27 = 0.00348366
X28 = 0.00345214
X29 = 0.00342167
X30 = 0.00339218
X31 = 0.0033636
X32 = 0.0033359
X33 = 0.00330901
X34 = 0.00328289
X35 = 0.0032575
X36 = 0.0032328
X37 = 0.00320876
X38 = 0.00318534
X39 = 0.00316251
X40 = 0.00314025
X41 = 0.00311852
X42 = 0.00309731
X43 = 0.00307659
X44 = 0.00305633
X45 = 0.00303653
X46 = 0.00301716
X47 = 0.0029982
X48 = 0.00297963
X49 = 0.00296145
X50 = 0.00294363
X51 = 0.00292616
X52 = 0.00290904
X53 = 0.00289224
X54 = 0.00287575
X55 = 0.00285957
X56 = 0.00284369
X57 = 0.00282808
X58 = 0.00281275
X59 = 0.00279769
X60 = 0.00278288
X61 = 0.00276832
X62 = 0.002754
X63 = 0.00273992
X64 = 0.00272606
X65 = 0.00271241
X66 = 0.00269899
X67 = 0.00268576
X68 = 0.00267274
X69 = 0.00265992
X70 = 0.00264728
X71 = 0.00263483
X72 = 0.00262256
X73 = 0.00261046
X74 = 0.00259853
X75 = 0.00258677
X76 = 0.00257517
X77 = 0.00256372
X78 = 0.00255243
X79 = 0.00254129
X80 = 0.00253029
X81 = 0.00251944
X82 = 0.00250873
X83 = 0.00249815
X84 = 0.0024877
X85 = 0.00247738
X86 = 0.00246719
X87 = 0.00245712
X88 = 0.00244718
X89 = 0.00243735
X90 = 0.00242763
X91 = 0.00241803
X92 = 0.00240854
X93 = 0.00239916
X94 = 0.00238989
X95 = 0.00238071
X96 = 0.00237164
X97 = 0.00236267
X98 = 0.0023538
X99 = 0.00234502
X100 = 0.00233634
X101 = 0.00232774
X102 = 0.00231924
X103 = 0.00231083
X104 = 0.0023025
X105 = 0.00229426
X106 = 0.0022861
X107 = 0.00227803
X108 = 0.00227003
X109 = 0.00226211
X110 = 0.00225427
X111 = 0.00224651
X112 = 0.00223882
X113 = 0.00223121
X114 = 0.00222366
X115 = 0.00221619
X116 = 0.00220879
X117 = 0.00220146
X118 = 0.00219419
X119 = 0.00218699
X120 = 0.00217986
X121 = 0.00217279
X122 = 0.00216578
X123 = 0.00215883
X124 = 0.00215195
X125 = 0.00214513
X126 = 0.00213836
X127 = 0.00213165
X128 = 0.002125
X129 = 0.00211841
X130 = 0.00211187
X131 = 0.00210539
X132 = 0.00209896
X133 = 0.00209259
X134 = 0.00208626
X135 = 0.00207999
X136 = 0.00207377
X137 = 0.0020676
X138 = 0.00206148
X139 = 0.00205541
X140 = 0.00204938
X141 = 0.0020434
X142 = 0.00203747
X143 = 0.00203159
X144 = 0.00202575
X145 = 0.00201995
X146 = 0.0020142
X147 = 0.00200849
X148 = 0.00200283
X149 = 0.00199721
X150 = 0.00199162
X151 = 0.00198609
X152 = 0.00198059
X153 = 0.00197513
X154 = 0.00196971
X155 = 0.00196433
X156 = 0.00195898
X157 = 0.00195368
X158 = 0.00194841
X159 = 0.00194319
X160 = 0.00193799
X161 = 0.00193284
X162 = 0.00192772
X163 = 0.00192263
X164 = 0.00191758
X165 = 0.00191256
X166 = 0.00190758
X167 = 0.00190263
X168 = 0.00189772
X169 = 0.00189284
X170 = 0.00188799
X171 = 0.00188317
X172 = 0.00187838
X173 = 0.00187363
X174 = 0.0018689
X175 = 0.00186421
X176 = 0.00185955
X177 = 0.00185491
X178 = 0.00185031
X179 = 0.00184574
X180 = 0.00184119
X181 = 0.00183667
X182 = 0.00183219
X183 = 0.00182772
X184 = 0.00182329
X185 = 0.00181889
X186 = 0.00181451
X187 = 0.00181015
X188 = 0.00180583
X189 = 0.00180153
X190 = 0.00179726
X191 = 0.00179301
X192 = 0.00178879
X193 = 0.00178459
X194 = 0.00178042
X195 = 0.00177627
X196 = 0.00177214
X197 = 0.00176804
X198 = 0.00176397
X199 = 0.00175992
X200 = 0.00175589
X201 = 0.00175188
X202 = 0.0017479
X203 = 0.00174394
X204 = 0.00174
X205 = 0.00173609
X206 = 0.00173219
X207 = 0.00172832
X208 = 0.00172447
X209 = 0.00172064
X210 = 0.00171683
X211 = 0.00171305
X212 = 0.00170928
X213 = 0.00170553
X214 = 0.00170181
X215 = 0.0016981
X216 = 0.00169442
X217 = 0.00169075
X218 = 0.00168711
X219 = 0.00168348
X220 = 0.00167987
X221 = 0.00167628
X222 = 0.00167272
X223 = 0.00166916
X224 = 0.00166563
X225 = 0.00166212
X226 = 0.00165862
X227 = 0.00165515
X228 = 0.00165169
X229 = 0.00164824
X230 = 0.00164482
X231 = 0.00164141
X232 = 0.00163802
X233 = 0.00163465
X234 = 0.00163129
X235 = 0.00162796
X236 = 0.00162463
X237 = 0.00162133
X238 = 0.00161804
X239 = 0.00161477
X240 = 0.00161151
X241 = 0.00160827
X242 = 0.00160504
X243 = 0.00160183
X244 = 0.00159864
X245 = 0.00159546
X246 = 0.0015923
X247 = 0.00158915
X248 = 0.00158602
X249 = 0.0015829
X250 = 0.00157979
X251 = 0.00157671
X252 = 0.00157363
X253 = 0.00157057
X254 = 0.00156753
X255 = 0.0015645
X256 = 0.00156148
X257 = 0.00155848
X258 = 0.00155549
X259 = 0.00155251
X260 = 0.00154955
X261 = 0.0015466
X262 = 0.00154367
X263 = 0.00154075
X264 = 0.00153784
X265 = 0.00153494
X266 = 0.00153206
X267 = 0.00152919
X268 = 0.00152634
X269 = 0.00152349
X270 = 0.00152066
X271 = 0.00151784
X272 = 0.00151504
X273 = 0.00151224
X274 = 0.00150946
X275 = 0.00150669
X276 = 0.00150394
X277 = 0.00150119
X278 = 0.00149846
X279 = 0.00149574
X280 = 0.00149303
X281 = 0.00149033
X282 = 0.00148764
X283 = 0.00148497
X284 = 0.0014823
X285 = 0.00147965
X286 = 0.00147701
X287 = 0.00147438
X288 = 0.00147176
X289 = 0.00146915
X290 = 0.00146656
X291 = 0.00146397
X292 = 0.0014614
X293 = 0.00145883
X294 = 0.00145628
X295 = 0.00145373
X296 = 0.0014512
X297 = 0.00144868
X298 = 0.00144616
X299 = 0.00144366
X300 = 0.00144117
X301 = 0.00143869
X302 = 0.00143622
X303 = 0.00143375
X304 = 0.0014313
X305 = 0.00142886
X306 = 0.00142643
X307 = 0.001424
X308 = 0.00142159
X309 = 0.00141919
X310 = 0.00141679
X311 = 0.00141441
X312 = 0.00141203
X313 = 0.00140967
X314 = 0.00140731
X315 = 0.00140496
X316 = 0.00140262
X317 = 0.00140029
X318 = 0.00139797
X319 = 0.00139566
X320 = 0.00139336
X321 = 0.00139107
X322 = 0.00138878
X323 = 0.0013865
X324 = 0.00138424
X325 = 0.00138198
X326 = 0.00137973
X327 = 0.00137749
X328 = 0.00137525
X329 = 0.00137303
X330 = 0.00137081
X331 = 0.0013686
X332 = 0.0013664
X333 = 0.00136421
X334 = 0.00136202
X335 = 0.00135985
X336 = 0.00135768
X337 = 0.00135552
X338 = 0.00135337
X339 = 0.00135123
X340 = 0.00134909
X341 = 0.00134696
X342 = 0.00134484
X343 = 0.00134273
X344 = 0.00134062
X345 = 0.00133852
X346 = 0.00133643
X347 = 0.00133435
X348 = 0.00133227
X349 = 0.00133021
X350 = 0.00132815
X351 = 0.00132609
X352 = 0.00132405
X353 = 0.00132201
X354 = 0.00131998
X355 = 0.00131795
X356 = 0.00131594
X357 = 0.00131393
X358 = 0.00131192
X359 = 0.00130993
X360 = 0.00130794
X361 = 0.00130595
X362 = 0.00130398
X363 = 0.00130201
X364 = 0.00130005
X365 = 0.00129809
X366 = 0.00129615
X367 = 0.0012942
X368 = 0.00129227
X369 = 0.00129034
X370 = 0.00128842
X371 = 0.0012865
X372 = 0.00128459
X373 = 0.00128269
X374 = 0.0012808
X375 = 0.00127891
X376 = 0.00127702
X377 = 0.00127515
X378 = 0.00127328
X379 = 0.00127141
X380 = 0.00126955
X381 = 0.0012677
X382 = 0.00126585
X383 = 0.00126401
X384 = 0.00126218
X385 = 0.00126035
X386 = 0.00125853
X387 = 0.00125672
X388 = 0.00125491
X389 = 0.0012531
X390 = 0.0012513
X391 = 0.00124951
X392 = 0.00124773
X393 = 0.00124594
X394 = 0.00124417
X395 = 0.0012424
X396 = 0.00124064
X397 = 0.00123888
X398 = 0.00123713
X399 = 0.00123538
X400 = 0.00123364
X401 = 0.0012319
X402 = 0.00123017
X403 = 0.00122845
X404 = 0.00122673
X405 = 0.00122502
X406 = 0.00122331
X407 = 0.0012216
X408 = 0.00121991
X409 = 0.00121821
X410 = 0.00121653
X411 = 0.00121485
X412 = 0.00121317
X413 = 0.0012115
X414 = 0.00120983
X415 = 0.00120817
X416 = 0.00120652
X417 = 0.00120486
X418 = 0.00120322
X419 = 0.00120158
X420 = 0.00119994
X421 = 0.00119831
X422 = 0.00119669
X423 = 0.00119507
X424 = 0.00119345
X425 = 0.00119184
X426 = 0.00119023
X427 = 0.00118863
X428 = 0.00118703
X429 = 0.00118544
X430 = 0.00118386
X431 = 0.00118227
X432 = 0.0011807
X433 = 0.00117912
X434 = 0.00117756
X435 = 0.00117599
X436 = 0.00117443
X437 = 0.00117288
X438 = 0.00117133
X439 = 0.00116979
X440 = 0.00116825
X441 = 0.00116671
X442 = 0.00116518
X443 = 0.00116365
X444 = 0.00116213
X445 = 0.00116061
X446 = 0.0011591
X447 = 0.00115759
X448 = 0.00115608
X449 = 0.00115458
X450 = 0.00115309
X451 = 0.0011516
X452 = 0.00115011
X453 = 0.00114862
X454 = 0.00114715
X455 = 0.00114567
X456 = 0.0011442
X457 = 0.00114273
X458 = 0.00114127
X459 = 0.00113981
X460 = 0.00113836
X461 = 0.00113691
X462 = 0.00113546
X463 = 0.00113402
X464 = 0.00113259
X465 = 0.00113115
X466 = 0.00112972
X467 = 0.0011283
X468 = 0.00112688
X469 = 0.00112546
X470 = 0.00112404
X471 = 0.00112263
X472 = 0.00112123
X473 = 0.00111983
X474 = 0.00111843
X475 = 0.00111704
X476 = 0.00111564
X477 = 0.00111426
X478 = 0.00111288
X479 = 0.0011115
X480 = 0.00111012
X481 = 0.00110875
X482 = 0.00110738
X483 = 0.00110602
X484 = 0.00110466
X485 = 0.0011033
X486 = 0.00110195
X487 = 0.0011006
X488 = 0.00109926
X489 = 0.00109791
X490 = 0.00109658
X491 = 0.00109524
X492 = 0.00109391
X493 = 0.00109258
X494 = 0.00109126
X495 = 0.00108994
X496 = 0.00108862
X497 = 0.00108731
X498 = 0.001086
X499 = 0.00108469
X500 = 0.00108339
X501 = 0.00108209
X502 = 0.00108079
X503 = 0.0010795
X504 = 0.00107821
X505 = 0.00107692
X506 = 0.00107564
X507 = 0.00107436
X508 = 0.00107309
X509 = 0.00107181
X510 = 0.00107054
X511 = 0.00106928
X512 = 0.00106802
X513 = 0.00106676
X514 = 0.0010655
X515 = 0.00106425
X516 = 0.001063
X517 = 0.00106175
X518 = 0.00106051
X519 = 0.00105927
X520 = 0.00105803
X521 = 0.0010568
X522 = 0.00105557
X523 = 0.00105434
X524 = 0.00105312
X525 = 0.00105189
X526 = 0.00105068
X527 = 0.00104946
X528 = 0.00104825
X529 = 0.00104704
X530 = 0.00104583
X531 = 0.00104463
X532 = 0.00104343
X533 = 0.00104224
X534 = 0.00104104
X535 = 0.00103985
X536 = 0.00103866
X537 = 0.00103748
X538 = 0.0010363
X539 = 0.00103512
X540 = 0.00103394
X541 = 0.00103277
X542 = 0.0010316
X543 = 0.00103043
X544 = 0.00102927
X545 = 0.0010281
X546 = 0.00102695
X547 = 0.00102579
X548 = 0.00102464
X549 = 0.00102349
X550 = 0.00102234
X551 = 0.00102119
X552 = 0.00102005
X553 = 0.00101891
X554 = 0.00101778
X555 = 0.00101664
X556 = 0.00101551
X557 = 0.00101438
X558 = 0.00101326
X559 = 0.00101214
X560 = 0.00101102
X561 = 0.0010099
X562 = 0.00100879
X563 = 0.00100767
X564 = 0.00100656
X565 = 0.00100546
X566 = 0.00100435
X567 = 0.00100325
X568 = 0.00100215
X569 = 0.00100106
X570 = 0.000999964
X571 = 0.000998874
X572 = 0.000997785
X573 = 0.0009967
X574 = 0.000995617
X575 = 0.000994536
X576 = 0.000993458
X577 = 0.000992382
X578 = 0.000991309
X579 = 0.000990239
X580 = 0.000989171
X581 = 0.000988106
X582 = 0.000987043
X583 = 0.000985982
X584 = 0.000984924
X585 = 0.000983868
X586 = 0.000982815
X587 = 0.000981765
X588 = 0.000980716
X589 = 0.000979671
X590 = 0.000978627
X591 = 0.000977586
X592 = 0.000976547
X593 = 0.000975511
X594 = 0.000974477
X595 = 0.000973446
X596 = 0.000972417
X597 = 0.00097139
X598 = 0.000970365
X599 = 0.000969343
X600 = 0.000968324
X601 = 0.000967306
X602 = 0.000966291
X603 = 0.000965278
X604 = 0.000964268
X605 = 0.000963259
X606 = 0.000962253
X607 = 0.000961249
X608 = 0.000960248
X609 = 0.000959249
X610 = 0.000958252
X611 = 0.000957257
X612 = 0.000956264
X613 = 0.000955274
X614 = 0.000954286
X615 = 0.0009533
X616 = 0.000952316
X617 = 0.000951335
X618 = 0.000950355
X619 = 0.000949378
X620 = 0.000948403
X621 = 0.00094743
X622 = 0.00094646
X623 = 0.000945491
X624 = 0.000944525
X625 = 0.00094356
X626 = 0.000942598
X627 = 0.000941638
X628 = 0.00094068
X629 = 0.000939724
X630 = 0.00093877
X631 = 0.000937819
X632 = 0.000936869
X633 = 0.000935921
X634 = 0.000934976
X635 = 0.000934032
X636 = 0.000933091
X637 = 0.000932152
X638 = 0.000931214
X639 = 0.000930279
X640 = 0.000929346
X641 = 0.000928414
X642 = 0.000927485
X643 = 0.000926558
X644 = 0.000925632
X645 = 0.000924709
X646 = 0.000923788
X647 = 0.000922868
X648 = 0.000921951
X649 = 0.000921035
X650 = 0.000920122
X651 = 0.00091921
X652 = 0.000918301
X653 = 0.000917393
X654 = 0.000916487
X655 = 0.000915583
X656 = 0.000914681
X657 = 0.000913781
X658 = 0.000912883
X659 = 0.000911987
X660 = 0.000911093
X661 = 0.0009102
X662 = 0.000909309
X663 = 0.000908421
X664 = 0.000907534
X665 = 0.000906649
X666 = 0.000905765
X667 = 0.000904884
X668 = 0.000904005
X669 = 0.000903127
X670 = 0.000902251
X671 = 0.000901377
X672 = 0.000900505
X673 = 0.000899634
X674 = 0.000898766
X675 = 0.000897899
X676 = 0.000897034
X677 = 0.00089617
X678 = 0.000895309
X679 = 0.000894449
X680 = 0.000893591
X681 = 0.000892735
X682 = 0.00089188
X683 = 0.000891028
X684 = 0.000890177
X685 = 0.000889327
X686 = 0.00088848
X687 = 0.000887634
X688 = 0.00088679
X689 = 0.000885948
X690 = 0.000885107
X691 = 0.000884268
X692 = 0.000883431
X693 = 0.000882595
X694 = 0.000881761
X695 = 0.000880929
X696 = 0.000880098
X697 = 0.00087927
X698 = 0.000878442
X699 = 0.000877617
X700 = 0.000876793
X701 = 0.000875971
X702 = 0.00087515
X703 = 0.000874331
X704 = 0.000873514
X705 = 0.000872698
X706 = 0.000871884
X707 = 0.000871072
X708 = 0.000870261
X709 = 0.000869451
X710 = 0.000868644
X711 = 0.000867838
X712 = 0.000867033
X713 = 0.00086623
X714 = 0.000865429
X715 = 0.000864629
X716 = 0.000863831
X717 = 0.000863035
X718 = 0.00086224
X719 = 0.000861446
X720 = 0.000860654
X721 = 0.000859864
X722 = 0.000859075
X723 = 0.000858288
X724 = 0.000857502
X725 = 0.000856718
X726 = 0.000855935
X727 = 0.000855154
X728 = 0.000854374
X729 = 0.000853596
X730 = 0.00085282
X731 = 0.000852045
X732 = 0.000851271
X733 = 0.000850499
X734 = 0.000849728
X735 = 0.000848959
X736 = 0.000848191
X737 = 0.000847425
X738 = 0.00084666
X739 = 0.000845897
X740 = 0.000845135
X741 = 0.000844375
X742 = 0.000843616
X743 = 0.000842858
X744 = 0.000842102
X745 = 0.000841348
X746 = 0.000840594
X747 = 0.000839843
X748 = 0.000839092
X749 = 0.000838344
X750 = 0.000837596
X751 = 0.00083685
X752 = 0.000836105
X753 = 0.000835362
X754 = 0.00083462
X755 = 0.00083388
X756 = 0.000833141
X757 = 0.000832403
X758 = 0.000831667
X759 = 0.000830932
X760 = 0.000830198
X761 = 0.000829466
X762 = 0.000828735
X763 = 0.000828006
X764 = 0.000827278
X765 = 0.000826551
X766 = 0.000825826
X767 = 0.000825102
X768 = 0.000824379
X769 = 0.000823658
X770 = 0.000822938
X771 = 0.000822219
X772 = 0.000821502
X773 = 0.000820786
X774 = 0.000820071
X775 = 0.000819358
X776 = 0.000818645
X777 = 0.000817935
X778 = 0.000817225
X779 = 0.000816517
X780 = 0.00081581
X781 = 0.000815105
X782 = 0.0008144
X783 = 0.000813697
X784 = 0.000812996
X785 = 0.000812295
X786 = 0.000811596
X787 = 0.000810898
X788 = 0.000810201
X789 = 0.000809506
X790 = 0.000808812
X791 = 0.000808119
X792 = 0.000807428
X793 = 0.000806737
X794 = 0.000806048
X795 = 0.00080536
X796 = 0.000804674
X797 = 0.000803988
X798 = 0.000803304
X799 = 0.000802621
X800 = 0.00080194
X801 = 0.000801259
X802 = 0.00080058
X803 = 0.000799902
X804 = 0.000799225
X805 = 0.000798549
X806 = 0.000797875
X807 = 0.000797202
X808 = 0.00079653
X809 = 0.000795859
X810 = 0.000795189
X811 = 0.000794521
X812 = 0.000793853
X813 = 0.000793187
X814 = 0.000792523
X815 = 0.000791859
X816 = 0.000791196
X817 = 0.000790535
X818 = 0.000789875
X819 = 0.000789216
X820 = 0.000788558
X821 = 0.000787901
X822 = 0.000787245
X823 = 0.000786591
X824 = 0.000785938
X825 = 0.000785285
X826 = 0.000784634
X827 = 0.000783984
X828 = 0.000783336
X829 = 0.000782688
X830 = 0.000782042
X831 = 0.000781396
X832 = 0.000780752
X833 = 0.000780109
X834 = 0.000779467
X835 = 0.000778826
X836 = 0.000778186
X837 = 0.000777547
X838 = 0.00077691
X839 = 0.000776273
X840 = 0.000775638
X841 = 0.000775004
X842 = 0.00077437
X843 = 0.000773738
X844 = 0.000773107
X845 = 0.000772477
X846 = 0.000771848
X847 = 0.000771221
X848 = 0.000770594
X849 = 0.000769968
X850 = 0.000769344
X851 = 0.00076872
X852 = 0.000768098
X853 = 0.000767476
X854 = 0.000766856
X855 = 0.000766236
X856 = 0.000765618
X857 = 0.000765001
X858 = 0.000764385
X859 = 0.00076377
X860 = 0.000763156
X861 = 0.000762543
X862 = 0.000761931
X863 = 0.00076132
X864 = 0.00076071
X865 = 0.000760101
X866 = 0.000759493
X867 = 0.000758886
X868 = 0.00075828
X869 = 0.000757675
X870 = 0.000757071
X871 = 0.000756469
X872 = 0.000755867
X873 = 0.000755266
X874 = 0.000754666
X875 = 0.000754067
X876 = 0.000753469
X877 = 0.000752873
X878 = 0.000752277
X879 = 0.000751682
X880 = 0.000751088
X881 = 0.000750495
X882 = 0.000749903
X883 = 0.000749312
X884 = 0.000748722
X885 = 0.000748133
X886 = 0.000747545
X887 = 0.000746958
X888 = 0.000746372
X889 = 0.000745787
X890 = 0.000745203
X891 = 0.00074462
X892 = 0.000744038
X893 = 0.000743456
X894 = 0.000742876
X895 = 0.000742297
X896 = 0.000741718
X897 = 0.000741141
X898 = 0.000740564
X899 = 0.000739989
X900 = 0.000739414
X901 = 0.00073884
X902 = 0.000738268
X903 = 0.000737696
X904 = 0.000737125
X905 = 0.000736555
X906 = 0.000735986
X907 = 0.000735417
X908 = 0.00073485
X909 = 0.000734284
X910 = 0.000733718
X911 = 0.000733154
X912 = 0.00073259
X913 = 0.000732028
X914 = 0.000731466
X915 = 0.000730905
X916 = 0.000730345
X917 = 0.000729786
X918 = 0.000729228
X919 = 0.00072867
X920 = 0.000728114
X921 = 0.000727558
X922 = 0.000727004
X923 = 0.00072645
X924 = 0.000725897
X925 = 0.000725345
X926 = 0.000724794
X927 = 0.000724244
X928 = 0.000723694
X929 = 0.000723146
X930 = 0.000722598
X931 = 0.000722051
X932 = 0.000721505
X933 = 0.00072096
X934 = 0.000720416
X935 = 0.000719873
X936 = 0.00071933
X937 = 0.000718789
X938 = 0.000718248
X939 = 0.000717708
X940 = 0.000717169
X941 = 0.000716631
X942 = 0.000716093
X943 = 0.000715557
X944 = 0.000715021
X945 = 0.000714486
X946 = 0.000713952
X947 = 0.000713419
X948 = 0.000712887
X949 = 0.000712355
X950 = 0.000711824
X951 = 0.000711294
X952 = 0.000710765
X953 = 0.000710237
X954 = 0.00070971
X955 = 0.000709183
X956 = 0.000708657
X957 = 0.000708132
X958 = 0.000707608
X959 = 0.000707085
X960 = 0.000706562
X961 = 0.00070604
X962 = 0.00070552
X963 = 0.000704999
X964 = 0.00070448
X965 = 0.000703961
X966 = 0.000703444
X967 = 0.000702927
X968 = 0.000702411
X969 = 0.000701895
X970 = 0.000701381
X971 = 0.000700867
X972 = 0.000700354
X973 = 0.000699842
X974 = 0.00069933
X975 = 0.000698819
X976 = 0.00069831
X977 = 0.0006978
X978 = 0.000697292
X979 = 0.000696784
X980 = 0.000696278
X981 = 0.000695772
X982 = 0.000695266
X983 = 0.000694762
X984 = 0.000694258
X985 = 0.000693755
X986 = 0.000693253
X987 = 0.000692751
X988 = 0.000692251
X989 = 0.000691751
X990 = 0.000691252
X991 = 0.000690753
X992 = 0.000690255
X993 = 0.000689758
X994 = 0.000689262
X995 = 0.000688767
X996 = 0.000688272
X997 = 0.000687778
X998 = 0.000687285
X999 = 0.000686792
X1000 = 0.0006863
X1001 = 0.000685809
X1002 = 0.000685319
X1003 = 0.000684829
X1004 = 0.00068434
X1005 = 0.000683852
X1006 = 0.000683365
X1007 = 0.000682878
X1008 = 0.000682392
X1009 = 0.000681907
X1010 = 0.000681422
X1011 = 0.000680939
X1012 = 0.000680455
X1013 = 0.000679973
X1014 = 0.000679491
X1015 = 0.00067901
X1016 = 0.00067853
X1017 = 0.000678051
X1018 = 0.000677572
X1019 = 0.000677094
X1020 = 0.000676616
X1021 = 0.000676139
X1022 = 0.000675663
X1023 = 0.000675188

||Ax - b|| = 5.55796e-10

Number of proc = 1
Matrix Dim = 1024
Reflection time = 12.4366
Gauss time = 0.0202409
Discrepancy time = 0.0760638
